execve("./a.out", ["./a.out", "0"], 0x7ffc4536dde8 /* 78 vars */) = 0
brk(NULL)                               = 0x559a2d710000
arch_prctl(0x3001 /* ARCH_??? */, 0x7ffc310f28c0) = -1 EINVAL (Invalid argument)
access("/etc/ld.so.preload", R_OK)      = -1 ENOENT (No such file or directory)
openat(AT_FDCWD, "/etc/ld.so.cache", O_RDONLY|O_CLOEXEC) = 3
newfstatat(3, "", {st_mode=S_IFREG|0644, st_size=175783, ...}, AT_EMPTY_PATH) = 0
mmap(NULL, 175783, PROT_READ, MAP_PRIVATE, 3, 0) = 0x7fede3f1d000
close(3)                                = 0
openat(AT_FDCWD, "/usr/lib/libstdc++.so.6", O_RDONLY|O_CLOEXEC) = 3
read(3, "\177ELF\2\1\1\3\0\0\0\0\0\0\0\0\3\0>\0\1\0\0\0\0\0\0\0\0\0\0\0"..., 832) = 832
newfstatat(3, "", {st_mode=S_IFREG|0755, st_size=21512640, ...}, AT_EMPTY_PATH) = 0
mmap(NULL, 8192, PROT_READ|PROT_WRITE, MAP_PRIVATE|MAP_ANONYMOUS, -1, 0) = 0x7fede3f1b000
mmap(NULL, 2597056, PROT_READ, MAP_PRIVATE|MAP_DENYWRITE, 3, 0) = 0x7fede3c00000
mmap(0x7fede3c9c000, 1273856, PROT_READ|PROT_EXEC, MAP_PRIVATE|MAP_FIXED|MAP_DENYWRITE, 3, 0x9c000) = 0x7fede3c9c000
mmap(0x7fede3dd3000, 614400, PROT_READ, MAP_PRIVATE|MAP_FIXED|MAP_DENYWRITE, 3, 0x1d3000) = 0x7fede3dd3000
mmap(0x7fede3e69000, 57344, PROT_READ|PROT_WRITE, MAP_PRIVATE|MAP_FIXED|MAP_DENYWRITE, 3, 0x269000) = 0x7fede3e69000
mmap(0x7fede3e77000, 12480, PROT_READ|PROT_WRITE, MAP_PRIVATE|MAP_FIXED|MAP_ANONYMOUS, -1, 0) = 0x7fede3e77000
close(3)                                = 0
openat(AT_FDCWD, "/usr/lib/libm.so.6", O_RDONLY|O_CLOEXEC) = 3
read(3, "\177ELF\2\1\1\3\0\0\0\0\0\0\0\0\3\0>\0\1\0\0\0\0\0\0\0\0\0\0\0"..., 832) = 832
newfstatat(3, "", {st_mode=S_IFREG|0755, st_size=965016, ...}, AT_EMPTY_PATH) = 0
mmap(NULL, 966952, PROT_READ, MAP_PRIVATE|MAP_DENYWRITE, 3, 0) = 0x7fede3b13000
mmap(0x7fede3b23000, 520192, PROT_READ|PROT_EXEC, MAP_PRIVATE|MAP_FIXED|MAP_DENYWRITE, 3, 0x10000) = 0x7fede3b23000
mmap(0x7fede3ba2000, 376832, PROT_READ, MAP_PRIVATE|MAP_FIXED|MAP_DENYWRITE, 3, 0x8f000) = 0x7fede3ba2000
mmap(0x7fede3bfe000, 8192, PROT_READ|PROT_WRITE, MAP_PRIVATE|MAP_FIXED|MAP_DENYWRITE, 3, 0xea000) = 0x7fede3bfe000
close(3)                                = 0
openat(AT_FDCWD, "/usr/lib/libgcc_s.so.1", O_RDONLY|O_CLOEXEC) = 3
read(3, "\177ELF\2\1\1\0\0\0\0\0\0\0\0\0\3\0>\0\1\0\0\0\0\0\0\0\0\0\0\0"..., 832) = 832
newfstatat(3, "", {st_mode=S_IFREG|0644, st_size=728120, ...}, AT_EMPTY_PATH) = 0
mmap(NULL, 147912, PROT_READ, MAP_PRIVATE|MAP_DENYWRITE, 3, 0) = 0x7fede3ef6000
mmap(0x7fede3efa000, 110592, PROT_READ|PROT_EXEC, MAP_PRIVATE|MAP_FIXED|MAP_DENYWRITE, 3, 0x4000) = 0x7fede3efa000
mmap(0x7fede3f15000, 16384, PROT_READ, MAP_PRIVATE|MAP_FIXED|MAP_DENYWRITE, 3, 0x1f000) = 0x7fede3f15000
mmap(0x7fede3f19000, 8192, PROT_READ|PROT_WRITE, MAP_PRIVATE|MAP_FIXED|MAP_DENYWRITE, 3, 0x22000) = 0x7fede3f19000
close(3)                                = 0
openat(AT_FDCWD, "/usr/lib/libc.so.6", O_RDONLY|O_CLOEXEC) = 3
read(3, "\177ELF\2\1\1\3\0\0\0\0\0\0\0\0\3\0>\0\1\0\0\0\220~\2\0\0\0\0\0"..., 832) = 832
pread64(3, "\6\0\0\0\4\0\0\0@\0\0\0\0\0\0\0@\0\0\0\0\0\0\0@\0\0\0\0\0\0\0"..., 784, 64) = 784
newfstatat(3, "", {st_mode=S_IFREG|0755, st_size=2366624, ...}, AT_EMPTY_PATH) = 0
pread64(3, "\6\0\0\0\4\0\0\0@\0\0\0\0\0\0\0@\0\0\0\0\0\0\0@\0\0\0\0\0\0\0"..., 784, 64) = 784
mmap(NULL, 2411920, PROT_READ, MAP_PRIVATE|MAP_DENYWRITE, 3, 0) = 0x7fede3800000
mmap(0x7fede3826000, 1437696, PROT_READ|PROT_EXEC, MAP_PRIVATE|MAP_FIXED|MAP_DENYWRITE, 3, 0x26000) = 0x7fede3826000
mmap(0x7fede3985000, 348160, PROT_READ, MAP_PRIVATE|MAP_FIXED|MAP_DENYWRITE, 3, 0x185000) = 0x7fede3985000
mmap(0x7fede39da000, 417792, PROT_READ|PROT_WRITE, MAP_PRIVATE|MAP_FIXED|MAP_DENYWRITE, 3, 0x1d9000) = 0x7fede39da000
mmap(0x7fede3a40000, 52624, PROT_READ|PROT_WRITE, MAP_PRIVATE|MAP_FIXED|MAP_ANONYMOUS, -1, 0) = 0x7fede3a40000
close(3)                                = 0
mmap(NULL, 8192, PROT_READ|PROT_WRITE, MAP_PRIVATE|MAP_ANONYMOUS, -1, 0) = 0x7fede3ef4000
mmap(NULL, 20480, PROT_READ|PROT_WRITE, MAP_PRIVATE|MAP_ANONYMOUS, -1, 0) = 0x7fede3eef000
arch_prctl(ARCH_SET_FS, 0x7fede3ef1940) = 0
set_tid_address(0x7fede3ef1c10)         = 206681
set_robust_list(0x7fede3ef1c20, 24)     = 0
rseq(0x7fede3ef2260, 0x20, 0, 0x53053053) = 0
mprotect(0x7fede39da000, 409600, PROT_READ) = 0
mprotect(0x7fede3f19000, 4096, PROT_READ) = 0
mprotect(0x7fede3bfe000, 4096, PROT_READ) = 0
mprotect(0x7fede3e69000, 53248, PROT_READ) = 0
mprotect(0x559a2b96e000, 4096, PROT_READ) = 0
mmap(NULL, 8192, PROT_READ|PROT_WRITE, MAP_PRIVATE|MAP_ANONYMOUS, -1, 0) = 0x7fede3eed000
mprotect(0x7fede3f79000, 8192, PROT_READ) = 0
prlimit64(0, RLIMIT_STACK, NULL, {rlim_cur=8192*1024, rlim_max=RLIM64_INFINITY}) = 0
munmap(0x7fede3f1d000, 175783)          = 0
futex(0x7fede3e776fc, FUTEX_WAKE_PRIVATE, 2147483647) = 0
getrandom("\xec\x85\xbc\x40\x86\x0c\x8e\x14", 8, GRND_NONBLOCK) = 8
brk(NULL)                               = 0x559a2d710000
brk(0x559a2d731000)                     = 0x559a2d731000
openat(AT_FDCWD, "/sys/devices/system/cpu/online", O_RDONLY|O_CLOEXEC) = 3
read(3, "0-7\n", 1024)                  = 4
close(3)                                = 0
mmap(NULL, 16781312, PROT_READ|PROT_WRITE, MAP_PRIVATE|MAP_ANONYMOUS, -1, 0) = 0x7fede27ff000
rt_sigaction(SIGRT_1, {sa_handler=0x7fede3889d10, sa_mask=[], sa_flags=SA_RESTORER|SA_ONSTACK|SA_RESTART|SA_SIGINFO, sa_restorer=0x7fede383e710}, NULL, 8) = 0
rt_sigprocmask(SIG_UNBLOCK, [RTMIN RT_1], NULL, 8) = 0
mmap(NULL, 8392704, PROT_NONE, MAP_PRIVATE|MAP_ANONYMOUS|MAP_STACK, -1, 0) = 0x7fede1ffe000
mprotect(0x7fede1fff000, 8388608, PROT_READ|PROT_WRITE) = 0
rt_sigprocmask(SIG_BLOCK, ~[], [QUIT], 8) = 0
clone3({flags=CLONE_VM|CLONE_FS|CLONE_FILES|CLONE_SIGHAND|CLONE_THREAD|CLONE_SYSVSEM|CLONE_SETTLS|CLONE_PARENT_SETTID|CLONE_CHILD_CLEARTID, child_tid=0x7fede27fe990, parent_tid=0x7fede27fe990, exit_signal=0, stack=0x7fede1ffe000, stack_size=0x7fdd80, tls=0x7fede27fe6c0} => {parent_tid=[206682]}, 88) = 206682
rt_sigprocmask(SIG_SETMASK, [QUIT], NULL, 8) = 0
futex(0x7fede27fe990, FUTEX_WAIT_BITSET|FUTEX_CLOCK_REALTIME, 206682, NULL, FUTEX_BITSET_MATCH_ANY) = 0
newfstatat(1, "", {st_mode=S_IFREG|0644, st_size=6091, ...}, AT_EMPTY_PATH) = 0
write(1, "malloc    : 1.217224s per thread"..., 35malloc    : 1.217224s per thread  
) = 35
exit_group(0)                           = ?
+++ exited with 0 +++
